<?xml version="1.0" encoding="UTF-8"?>
<!-- Generated by org.testng.reporters.JUnitReportReporter -->
<testsuite hostname="NIBLP857" failures="0" tests="4" name="SeleniumProject.SeleniumProject.SweetShop" time="3.746" errors="0" timestamp="2024-02-09T10:01:33 IST" skipped="0">
  <testcase classname="SeleniumProject.SeleniumProject.SweetShop" name="sweetPurchase" time="2.519"/>
  <system-out/>
  <testcase classname="SeleniumProject.SeleniumProject.SweetShop" name="ValidateSweetPrice" time="0.222"/>
  <system-out/>
  <testcase classname="SeleniumProject.SeleniumProject.SweetShop" name="EnterDetails" time="0.730"/>
  <system-out/>
  <testcase classname="SeleniumProject.SeleniumProject.SweetShop" name="standardShipping" time="0.275"/>
  <system-out/>
</testsuite> <!-- SeleniumProject.SeleniumProject.SweetShop -->
